[2025-10-02 05:09:02,252] [INFO] Squat-Flix-Importer started
[2025-10-02 05:09:02,252] [INFO] Mode selected: Autonomous
[2025-10-02 05:09:02,252] [DEBUG] Starting: Load config
[2025-10-02 05:09:02,252] [DEBUG] Finished: Load config (elapsed: 0.000s)
[2025-10-02 05:09:02,252] [DEBUG] Starting: Validate config
[2025-10-02 05:09:02,252] [DEBUG] Finished: Validate config (elapsed: 0.000s)
[2025-10-02 05:09:02,252] [DEBUG] Starting: Autobrr intake
[2025-10-02 05:09:02,252] [INFO] Autobrr host: localhost
[2025-10-02 05:09:02,252] [DEBUG] Autobrr API key: abc123
[2025-10-02 05:09:02,252] [WARNING] Autobrr intake stub completed (no real action taken)
[2025-10-02 05:09:02,252] [DEBUG] Finished: Autobrr intake (elapsed: 0.000s)
[2025-10-02 05:09:02,252] [DEBUG] Initialization complete. Ready to begin processing.
[2025-10-02 05:09:02,292] [INFO] Squat-Flix-Importer started
[2025-10-02 05:09:02,292] [INFO] Mode selected: Autonomous
[2025-10-02 05:09:02,292] [INFO] Autobrr host: localhost
[2025-10-02 05:09:02,292] [WARNING] Autobrr intake stub completed (no real action taken)
[2025-10-02 05:09:02,332] [WARNING] Autobrr intake stub completed (no real action taken)
[2025-10-02 05:09:02,411] [INFO] Squat-Flix-Importer started
[2025-10-02 05:09:02,411] [INFO] Mode selected: Autonomous
[2025-10-02 05:09:02,411] [DEBUG] Starting: Load config
[2025-10-02 05:09:02,411] [DEBUG] Finished: Load config (elapsed: 0.000s)
[2025-10-02 05:09:02,411] [DEBUG] Starting: Validate config
[2025-10-02 05:09:02,411] [CRITICAL] Initialization failed: Missing section: autobrr
[2025-10-02 05:09:02,451] [INFO] Squat-Flix-Importer started
[2025-10-02 05:09:02,451] [INFO] Mode selected: Autonomous
[2025-10-02 05:09:02,451] [CRITICAL] Initialization failed: Missing section: autobrr
[2025-10-02 05:09:02,491] [CRITICAL] Initialization failed: Missing section: autobrr
[2025-10-02 05:09:02,530] [CRITICAL] Initialization failed: Missing section: autobrr
[2025-10-02 05:09:02,569] [INFO] Squat-Flix-Importer started
[2025-10-02 05:09:02,569] [INFO] Mode selected: Autonomous
[2025-10-02 05:09:02,569] [DEBUG] Starting: Load config
[2025-10-02 05:09:02,570] [DEBUG] Finished: Load config (elapsed: 0.000s)
[2025-10-02 05:09:02,570] [DEBUG] Starting: Validate config
[2025-10-02 05:09:02,570] [CRITICAL] Initialization failed: Missing key in 'autobrr': apikey
[2025-10-02 05:09:02,609] [INFO] Squat-Flix-Importer started
[2025-10-02 05:09:02,609] [INFO] Mode selected: Autonomous
[2025-10-02 05:09:02,609] [CRITICAL] Initialization failed: Missing key in 'autobrr': apikey
[2025-10-02 05:09:02,650] [CRITICAL] Initialization failed: Missing key in 'autobrr': apikey
[2025-10-02 05:09:02,689] [CRITICAL] Initialization failed: Missing key in 'autobrr': apikey
[2025-10-02 05:48:47,945] [INFO] Squat-Flix-Importer started (v0.3.0-beta)
[2025-10-02 05:48:47,945] [INFO] Mode selected: Autonomous
[2025-10-02 05:48:47,945] [DEBUG] Starting: Load config
[2025-10-02 05:48:47,945] [DEBUG] Finished: Load config (elapsed: 0.000s)
[2025-10-02 05:48:47,945] [DEBUG] Starting: Validate config
[2025-10-02 05:48:47,945] [DEBUG] Finished: Validate config (elapsed: 0.000s)
[2025-10-02 05:48:47,945] [DEBUG] Starting: Autobrr intake
[2025-10-02 05:48:47,945] [INFO] Autobrr host: localhost
[2025-10-02 05:48:47,945] [DEBUG] Autobrr API key: abc123
[2025-10-02 05:48:47,945] [WARNING] Autobrr intake stub completed (no real action taken)
[2025-10-02 05:48:47,945] [DEBUG] Finished: Autobrr intake (elapsed: 0.000s)
[2025-10-02 05:48:47,945] [DEBUG] Starting: Radarr intake
[2025-10-02 05:48:47,945] [INFO] Radarr host: localhost
[2025-10-02 05:48:47,945] [DEBUG] Radarr API key: radarr456
[2025-10-02 05:48:47,945] [WARNING] Radarr intake stub completed (no real action taken)
[2025-10-02 05:48:47,945] [DEBUG] Finished: Radarr intake (elapsed: 0.000s)
[2025-10-02 05:48:47,945] [DEBUG] Initialization complete. Ready to begin processing.
[2025-10-02 05:48:47,985] [INFO] Squat-Flix-Importer started (v0.3.0-beta)
[2025-10-02 05:48:47,985] [INFO] Mode selected: Autonomous
[2025-10-02 05:48:47,986] [INFO] Autobrr host: localhost
[2025-10-02 05:48:47,986] [WARNING] Autobrr intake stub completed (no real action taken)
[2025-10-02 05:48:47,986] [INFO] Radarr host: localhost
[2025-10-02 05:48:47,986] [WARNING] Radarr intake stub completed (no real action taken)
[2025-10-02 05:48:48,026] [WARNING] Autobrr intake stub completed (no real action taken)
[2025-10-02 05:48:48,026] [WARNING] Radarr intake stub completed (no real action taken)
[2025-10-02 05:48:48,106] [INFO] Squat-Flix-Importer started (v0.3.0-beta)
[2025-10-02 05:48:48,106] [INFO] Mode selected: Autonomous
[2025-10-02 05:48:48,106] [DEBUG] Starting: Load config
[2025-10-02 05:48:48,106] [DEBUG] Finished: Load config (elapsed: 0.000s)
[2025-10-02 05:48:48,106] [DEBUG] Starting: Validate config
[2025-10-02 05:48:48,106] [CRITICAL] Initialization failed: Missing section: radarr
[2025-10-02 05:48:48,146] [INFO] Squat-Flix-Importer started (v0.3.0-beta)
[2025-10-02 05:48:48,146] [INFO] Mode selected: Autonomous
[2025-10-02 05:48:48,146] [CRITICAL] Initialization failed: Missing section: radarr
[2025-10-02 05:48:48,187] [CRITICAL] Initialization failed: Missing section: radarr
[2025-10-02 05:48:48,226] [CRITICAL] Initialization failed: Missing section: radarr
[2025-10-02 05:48:48,266] [INFO] Squat-Flix-Importer started (v0.3.0-beta)
[2025-10-02 05:48:48,266] [INFO] Mode selected: Autonomous
[2025-10-02 05:48:48,266] [DEBUG] Starting: Load config
[2025-10-02 05:48:48,266] [DEBUG] Finished: Load config (elapsed: 0.000s)
[2025-10-02 05:48:48,267] [DEBUG] Starting: Validate config
[2025-10-02 05:48:48,267] [CRITICAL] Initialization failed: Missing key in 'radarr': apikey
[2025-10-02 05:48:48,306] [INFO] Squat-Flix-Importer started (v0.3.0-beta)
[2025-10-02 05:48:48,306] [INFO] Mode selected: Autonomous
[2025-10-02 05:48:48,307] [CRITICAL] Initialization failed: Missing key in 'radarr': apikey
[2025-10-02 05:48:48,346] [CRITICAL] Initialization failed: Missing key in 'radarr': apikey
[2025-10-02 05:48:48,386] [CRITICAL] Initialization failed: Missing key in 'radarr': apikey
